<?xml version="1.0" encoding="UTF-8" ?>
<testsuite failures="0" time="0.034" errors="0" skipped="0" tests="3" name="ch.hszt.hs_2010.mdp.HGHM.HelloTest">
  <properties>
[...]
</properties>
  <testcase time="0.006" classname="ch.hszt.hs_2010.mdp.HGHM.HelloTest" name="funcTest_getHelloName"/>
  <testcase time="0.001" classname="ch.hszt.hs_2010.mdp.HGHM.HelloTest" name="funcTest_getHelloWorld"/>
  <testcase time="0.002" classname="ch.hszt.hs_2010.mdp.HGHM.HelloTest" name="funcTest_getHelloKitty"/>
</testsuite>